0 info it worked if it ends with ok
1 verbose cli [ 'C:\\Program Files (x86)\\nodejs\\\\node.exe',
1 verbose cli   'C:\\Program Files (x86)\\nodejs\\node_modules\\npm\\bin\\npm-cli.js',
1 verbose cli   'install',
1 verbose cli   '-S',
1 verbose cli   'os' ]
2 info using npm@1.4.9
3 info using node@v0.10.28
4 verbose node symlink C:\Program Files (x86)\nodejs\\node.exe
5 warn package.json convnetjs@0.3.0 No repository field.
6 warn package.json fs@0.0.2 fs is also the name of a node core module.
7 warn package.json fs@0.0.2 No description
8 warn package.json fs@0.0.2 No repository field.
9 info shrinkwrap file "C:\\Users\\Roman\\Documents\\GitHub\\bitstarter\\npm-shrinkwrap.json"
10 verbose readDependencies returned deps { express: 'https://registry.npmjs.org/express/-/express-4.12.3.tgz' }
11 verbose cache add [ 'os', null ]
12 verbose cache add name=undefined spec="os" args=["os",null]
13 verbose parsed url { protocol: null,
13 verbose parsed url   slashes: null,
13 verbose parsed url   auth: null,
13 verbose parsed url   host: null,
13 verbose parsed url   port: null,
13 verbose parsed url   hostname: null,
13 verbose parsed url   hash: null,
13 verbose parsed url   search: null,
13 verbose parsed url   query: null,
13 verbose parsed url   pathname: 'os',
13 verbose parsed url   path: 'os',
13 verbose parsed url   href: 'os' }
14 silly lockFile 999a3419-os os
15 verbose lock os C:\Users\Roman\AppData\Roaming\npm-cache\999a3419-os.lock
16 silly lockFile 999a3419-os os
17 silly lockFile 999a3419-os os
18 verbose addNamed [ 'os', '' ]
19 verbose addNamed [ null, '*' ]
20 silly lockFile 46c56d42-os os@
21 verbose lock os@ C:\Users\Roman\AppData\Roaming\npm-cache\46c56d42-os.lock
22 silly addNameRange { name: 'os', range: '*', hasData: false }
23 verbose url raw os
24 verbose url resolving [ 'https://registry.npmjs.org/', './os' ]
25 verbose url resolved https://registry.npmjs.org/os
26 info trying registry request attempt 1 at 22:56:36
27 http GET https://registry.npmjs.org/os
28 http 404 https://registry.npmjs.org/os
29 verbose headers { server: 'CouchDB/1.5.0 (Erlang OTP/R16B03)',
29 verbose headers   'content-type': 'application/json',
29 verbose headers   'cache-control': 'max-age=0',
29 verbose headers   'content-length': '51',
29 verbose headers   'accept-ranges': 'bytes',
29 verbose headers   date: 'Mon, 20 Jul 2015 19:56:42 GMT',
29 verbose headers   via: '1.1 varnish',
29 verbose headers   age: '0',
29 verbose headers   connection: 'keep-alive',
29 verbose headers   'x-served-by': 'cache-lhr6325-LHR',
29 verbose headers   'x-cache': 'MISS',
29 verbose headers   'x-cache-hits': '0',
29 verbose headers   'x-timer': 'S1437422201.923693,VS0,VE103' }
30 silly registry.get cb [ 404,
30 silly registry.get   { server: 'CouchDB/1.5.0 (Erlang OTP/R16B03)',
30 silly registry.get     'content-type': 'application/json',
30 silly registry.get     'cache-control': 'max-age=0',
30 silly registry.get     'content-length': '51',
30 silly registry.get     'accept-ranges': 'bytes',
30 silly registry.get     date: 'Mon, 20 Jul 2015 19:56:42 GMT',
30 silly registry.get     via: '1.1 varnish',
30 silly registry.get     age: '0',
30 silly registry.get     connection: 'keep-alive',
30 silly registry.get     'x-served-by': 'cache-lhr6325-LHR',
30 silly registry.get     'x-cache': 'MISS',
30 silly registry.get     'x-cache-hits': '0',
30 silly registry.get     'x-timer': 'S1437422201.923693,VS0,VE103' } ]
31 silly lockFile 46c56d42-os os@
32 silly lockFile 46c56d42-os os@
33 error 404 404 Not Found: os
33 error 404
33 error 404 'os' is not in the npm registry.
33 error 404 You should bug the author to publish it
33 error 404 It was specified as a dependency of 'node-js-sample'
33 error 404
33 error 404 Note that you can also install from a
33 error 404 tarball, folder, or http url, or git url.
34 error System Windows_NT 6.1.7601
35 error command "C:\\Program Files (x86)\\nodejs\\\\node.exe" "C:\\Program Files (x86)\\nodejs\\node_modules\\npm\\bin\\npm-cli.js" "install" "-S" "os"
36 error cwd C:\Users\Roman\Documents\GitHub\bitstarter
37 error node -v v0.10.28
38 error npm -v 1.4.9
39 error code E404
40 verbose exit [ 1, true ]
